Checking whether the ASM compiler is GNU using "--version" did not match "(GNU assembler)|(GCC)|(Free Software Foundation)":
Apple clang version 12.0.0 (clang-1200.0.32.29) (Ant Secure Compiler build210705)
Target: x86_64-apple-darwin19.6.0
Thread model: posix
InstalledDir: /Applications/Xcode.app/Contents/Developer/Toolchains/XcodeDefault.xctoolchain/usr/bin
Determining if the include file link.h exists failed with the following output:
Change Dir: /Users/darren/work/code/github/obfuscator/build/CMakeFiles/CMakeTmp

Run Build Command(s):/usr/local/bin/gmake cmTC_7ee2d/fast && /usr/local/bin/gmake  -f CMakeFiles/cmTC_7ee2d.dir/build.make CMakeFiles/cmTC_7ee2d.dir/build
gmake[1]: Entering directory '/Users/darren/work/code/github/obfuscator/build/CMakeFiles/CMakeTmp'
Building C object CMakeFiles/cmTC_7ee2d.dir/CheckIncludeFile.c.o
/Applications/Xcode.app/Contents/Developer/Toolchains/XcodeDefault.xctoolchain/usr/bin/cc   -isysroot /Applications/Xcode.app/Contents/Developer/Platforms/MacOSX.platform/Developer/SDKs/MacOSX11.1.sdk -mmacosx-version-min=10.15 -o CMakeFiles/cmTC_7ee2d.dir/CheckIncludeFile.c.o -c /Users/darren/work/code/github/obfuscator/build/CMakeFiles/CMakeTmp/CheckIncludeFile.c
/Users/darren/work/code/github/obfuscator/build/CMakeFiles/CMakeTmp/CheckIncludeFile.c:1:10: fatal error: 'link.h' file not found
#include <link.h>
         ^~~~~~~~
1 error generated.
gmake[1]: *** [CMakeFiles/cmTC_7ee2d.dir/build.make:85: CMakeFiles/cmTC_7ee2d.dir/CheckIncludeFile.c.o] Error 1
gmake[1]: Leaving directory '/Users/darren/work/code/github/obfuscator/build/CMakeFiles/CMakeTmp'
gmake: *** [Makefile:140: cmTC_7ee2d/fast] Error 2



Determining if the include file malloc.h exists failed with the following output:
Change Dir: /Users/darren/work/code/github/obfuscator/build/CMakeFiles/CMakeTmp

Run Build Command(s):/usr/local/bin/gmake cmTC_3446a/fast && /usr/local/bin/gmake  -f CMakeFiles/cmTC_3446a.dir/build.make CMakeFiles/cmTC_3446a.dir/build
gmake[1]: Entering directory '/Users/darren/work/code/github/obfuscator/build/CMakeFiles/CMakeTmp'
Building C object CMakeFiles/cmTC_3446a.dir/CheckIncludeFile.c.o
/Applications/Xcode.app/Contents/Developer/Toolchains/XcodeDefault.xctoolchain/usr/bin/cc   -isysroot /Applications/Xcode.app/Contents/Developer/Platforms/MacOSX.platform/Developer/SDKs/MacOSX11.1.sdk -mmacosx-version-min=10.15 -o CMakeFiles/cmTC_3446a.dir/CheckIncludeFile.c.o -c /Users/darren/work/code/github/obfuscator/build/CMakeFiles/CMakeTmp/CheckIncludeFile.c
/Users/darren/work/code/github/obfuscator/build/CMakeFiles/CMakeTmp/CheckIncludeFile.c:1:10: fatal error: 'malloc.h' file not found
#include <malloc.h>
         ^~~~~~~~~~
1 error generated.
gmake[1]: *** [CMakeFiles/cmTC_3446a.dir/build.make:85: CMakeFiles/cmTC_3446a.dir/CheckIncludeFile.c.o] Error 1
gmake[1]: Leaving directory '/Users/darren/work/code/github/obfuscator/build/CMakeFiles/CMakeTmp'
gmake: *** [Makefile:140: cmTC_3446a/fast] Error 2



Determining if the include file ndir.h exists failed with the following output:
Change Dir: /Users/darren/work/code/github/obfuscator/build/CMakeFiles/CMakeTmp

Run Build Command(s):/usr/local/bin/gmake cmTC_df996/fast && /usr/local/bin/gmake  -f CMakeFiles/cmTC_df996.dir/build.make CMakeFiles/cmTC_df996.dir/build
gmake[1]: Entering directory '/Users/darren/work/code/github/obfuscator/build/CMakeFiles/CMakeTmp'
Building C object CMakeFiles/cmTC_df996.dir/CheckIncludeFile.c.o
/Applications/Xcode.app/Contents/Developer/Toolchains/XcodeDefault.xctoolchain/usr/bin/cc   -isysroot /Applications/Xcode.app/Contents/Developer/Platforms/MacOSX.platform/Developer/SDKs/MacOSX11.1.sdk -mmacosx-version-min=10.15 -o CMakeFiles/cmTC_df996.dir/CheckIncludeFile.c.o -c /Users/darren/work/code/github/obfuscator/build/CMakeFiles/CMakeTmp/CheckIncludeFile.c
/Users/darren/work/code/github/obfuscator/build/CMakeFiles/CMakeTmp/CheckIncludeFile.c:1:10: fatal error: 'ndir.h' file not found
#include <ndir.h>
         ^~~~~~~~
1 error generated.
gmake[1]: *** [CMakeFiles/cmTC_df996.dir/build.make:85: CMakeFiles/cmTC_df996.dir/CheckIncludeFile.c.o] Error 1
gmake[1]: Leaving directory '/Users/darren/work/code/github/obfuscator/build/CMakeFiles/CMakeTmp'
gmake: *** [Makefile:140: cmTC_df996/fast] Error 2



Determining if the include file sys/ndir.h exists failed with the following output:
Change Dir: /Users/darren/work/code/github/obfuscator/build/CMakeFiles/CMakeTmp

Run Build Command(s):/usr/local/bin/gmake cmTC_fd05a/fast && /usr/local/bin/gmake  -f CMakeFiles/cmTC_fd05a.dir/build.make CMakeFiles/cmTC_fd05a.dir/build
gmake[1]: Entering directory '/Users/darren/work/code/github/obfuscator/build/CMakeFiles/CMakeTmp'
Building C object CMakeFiles/cmTC_fd05a.dir/CheckIncludeFile.c.o
/Applications/Xcode.app/Contents/Developer/Toolchains/XcodeDefault.xctoolchain/usr/bin/cc   -isysroot /Applications/Xcode.app/Contents/Developer/Platforms/MacOSX.platform/Developer/SDKs/MacOSX11.1.sdk -mmacosx-version-min=10.15 -o CMakeFiles/cmTC_fd05a.dir/CheckIncludeFile.c.o -c /Users/darren/work/code/github/obfuscator/build/CMakeFiles/CMakeTmp/CheckIncludeFile.c
/Users/darren/work/code/github/obfuscator/build/CMakeFiles/CMakeTmp/CheckIncludeFile.c:1:10: fatal error: 'sys/ndir.h' file not found
#include <sys/ndir.h>
         ^~~~~~~~~~~~
1 error generated.
gmake[1]: *** [CMakeFiles/cmTC_fd05a.dir/build.make:85: CMakeFiles/cmTC_fd05a.dir/CheckIncludeFile.c.o] Error 1
gmake[1]: Leaving directory '/Users/darren/work/code/github/obfuscator/build/CMakeFiles/CMakeTmp'
gmake: *** [Makefile:140: cmTC_fd05a/fast] Error 2



Determining if the include file valgrind/valgrind.h exists failed with the following output:
Change Dir: /Users/darren/work/code/github/obfuscator/build/CMakeFiles/CMakeTmp

Run Build Command(s):/usr/local/bin/gmake cmTC_30cd5/fast && /usr/local/bin/gmake  -f CMakeFiles/cmTC_30cd5.dir/build.make CMakeFiles/cmTC_30cd5.dir/build
gmake[1]: Entering directory '/Users/darren/work/code/github/obfuscator/build/CMakeFiles/CMakeTmp'
Building C object CMakeFiles/cmTC_30cd5.dir/CheckIncludeFile.c.o
/Applications/Xcode.app/Contents/Developer/Toolchains/XcodeDefault.xctoolchain/usr/bin/cc   -isysroot /Applications/Xcode.app/Contents/Developer/Platforms/MacOSX.platform/Developer/SDKs/MacOSX11.1.sdk -mmacosx-version-min=10.15 -o CMakeFiles/cmTC_30cd5.dir/CheckIncludeFile.c.o -c /Users/darren/work/code/github/obfuscator/build/CMakeFiles/CMakeTmp/CheckIncludeFile.c
/Users/darren/work/code/github/obfuscator/build/CMakeFiles/CMakeTmp/CheckIncludeFile.c:1:10: fatal error: 'valgrind/valgrind.h' file not found
#include <valgrind/valgrind.h>
         ^~~~~~~~~~~~~~~~~~~~~
1 error generated.
gmake[1]: *** [CMakeFiles/cmTC_30cd5.dir/build.make:85: CMakeFiles/cmTC_30cd5.dir/CheckIncludeFile.c.o] Error 1
gmake[1]: Leaving directory '/Users/darren/work/code/github/obfuscator/build/CMakeFiles/CMakeTmp'
gmake: *** [Makefile:140: cmTC_30cd5/fast] Error 2



Determining if the include file CrashReporterClient.h exists failed with the following output:
Change Dir: /Users/darren/work/code/github/obfuscator/build/CMakeFiles/CMakeTmp

Run Build Command(s):/usr/local/bin/gmake cmTC_a8c1e/fast && /usr/local/bin/gmake  -f CMakeFiles/cmTC_a8c1e.dir/build.make CMakeFiles/cmTC_a8c1e.dir/build
gmake[1]: Entering directory '/Users/darren/work/code/github/obfuscator/build/CMakeFiles/CMakeTmp'
Building C object CMakeFiles/cmTC_a8c1e.dir/CheckIncludeFile.c.o
/Applications/Xcode.app/Contents/Developer/Toolchains/XcodeDefault.xctoolchain/usr/bin/cc   -isysroot /Applications/Xcode.app/Contents/Developer/Platforms/MacOSX.platform/Developer/SDKs/MacOSX11.1.sdk -mmacosx-version-min=10.15 -o CMakeFiles/cmTC_a8c1e.dir/CheckIncludeFile.c.o -c /Users/darren/work/code/github/obfuscator/build/CMakeFiles/CMakeTmp/CheckIncludeFile.c
/Users/darren/work/code/github/obfuscator/build/CMakeFiles/CMakeTmp/CheckIncludeFile.c:1:10: fatal error: 'CrashReporterClient.h' file not found
#include <CrashReporterClient.h>
         ^~~~~~~~~~~~~~~~~~~~~~~
1 error generated.
gmake[1]: *** [CMakeFiles/cmTC_a8c1e.dir/build.make:85: CMakeFiles/cmTC_a8c1e.dir/CheckIncludeFile.c.o] Error 1
gmake[1]: Leaving directory '/Users/darren/work/code/github/obfuscator/build/CMakeFiles/CMakeTmp'
gmake: *** [Makefile:140: cmTC_a8c1e/fast] Error 2



Determining if the function clock_gettime exists in the rt failed with the following output:
Change Dir: /Users/darren/work/code/github/obfuscator/build/CMakeFiles/CMakeTmp

Run Build Command(s):/usr/local/bin/gmake cmTC_cd748/fast && /usr/local/bin/gmake  -f CMakeFiles/cmTC_cd748.dir/build.make CMakeFiles/cmTC_cd748.dir/build
gmake[1]: Entering directory '/Users/darren/work/code/github/obfuscator/build/CMakeFiles/CMakeTmp'
Building C object CMakeFiles/cmTC_cd748.dir/CheckFunctionExists.c.o
/Applications/Xcode.app/Contents/Developer/Toolchains/XcodeDefault.xctoolchain/usr/bin/cc   -DCHECK_FUNCTION_EXISTS=clock_gettime -isysroot /Applications/Xcode.app/Contents/Developer/Platforms/MacOSX.platform/Developer/SDKs/MacOSX11.1.sdk -mmacosx-version-min=10.15 -o CMakeFiles/cmTC_cd748.dir/CheckFunctionExists.c.o -c /usr/local/Cellar/cmake/3.19.4/share/cmake/Modules/CheckFunctionExists.c
Linking C executable cmTC_cd748
/usr/local/Cellar/cmake/3.19.4/bin/cmake -E cmake_link_script CMakeFiles/cmTC_cd748.dir/link.txt --verbose=1
/Applications/Xcode.app/Contents/Developer/Toolchains/XcodeDefault.xctoolchain/usr/bin/cc  -DCHECK_FUNCTION_EXISTS=clock_gettime -isysroot /Applications/Xcode.app/Contents/Developer/Platforms/MacOSX.platform/Developer/SDKs/MacOSX11.1.sdk -mmacosx-version-min=10.15 -Wl,-search_paths_first -Wl,-headerpad_max_install_names -L/usr/local/opt/openssl@1.1/lib  CMakeFiles/cmTC_cd748.dir/CheckFunctionExists.c.o -o cmTC_cd748  -lrt -lm 
ld: library not found for -lrt
clang: error: linker command failed with exit code 1 (use -v to see invocation)
gmake[1]: *** [CMakeFiles/cmTC_cd748.dir/build.make:106: cmTC_cd748] Error 1
gmake[1]: Leaving directory '/Users/darren/work/code/github/obfuscator/build/CMakeFiles/CMakeTmp'
gmake: *** [Makefile:140: cmTC_cd748/fast] Error 2



Determining if the function setupterm exists in the tinfo failed with the following output:
Change Dir: /Users/darren/work/code/github/obfuscator/build/CMakeFiles/CMakeTmp

Run Build Command(s):/usr/local/bin/gmake cmTC_0a415/fast && /usr/local/bin/gmake  -f CMakeFiles/cmTC_0a415.dir/build.make CMakeFiles/cmTC_0a415.dir/build
gmake[1]: Entering directory '/Users/darren/work/code/github/obfuscator/build/CMakeFiles/CMakeTmp'
Building C object CMakeFiles/cmTC_0a415.dir/CheckFunctionExists.c.o
/Applications/Xcode.app/Contents/Developer/Toolchains/XcodeDefault.xctoolchain/usr/bin/cc   -DCHECK_FUNCTION_EXISTS=setupterm -isysroot /Applications/Xcode.app/Contents/Developer/Platforms/MacOSX.platform/Developer/SDKs/MacOSX11.1.sdk -mmacosx-version-min=10.15 -o CMakeFiles/cmTC_0a415.dir/CheckFunctionExists.c.o -c /usr/local/Cellar/cmake/3.19.4/share/cmake/Modules/CheckFunctionExists.c
Linking C executable cmTC_0a415
/usr/local/Cellar/cmake/3.19.4/bin/cmake -E cmake_link_script CMakeFiles/cmTC_0a415.dir/link.txt --verbose=1
/Applications/Xcode.app/Contents/Developer/Toolchains/XcodeDefault.xctoolchain/usr/bin/cc  -DCHECK_FUNCTION_EXISTS=setupterm -isysroot /Applications/Xcode.app/Contents/Developer/Platforms/MacOSX.platform/Developer/SDKs/MacOSX11.1.sdk -mmacosx-version-min=10.15 -Wl,-search_paths_first -Wl,-headerpad_max_install_names -L/usr/local/opt/openssl@1.1/lib  CMakeFiles/cmTC_0a415.dir/CheckFunctionExists.c.o -o cmTC_0a415  -ltinfo -lm 
ld: library not found for -ltinfo
clang: error: linker command failed with exit code 1 (use -v to see invocation)
gmake[1]: *** [CMakeFiles/cmTC_0a415.dir/build.make:106: cmTC_0a415] Error 1
gmake[1]: Leaving directory '/Users/darren/work/code/github/obfuscator/build/CMakeFiles/CMakeTmp'
gmake: *** [Makefile:140: cmTC_0a415/fast] Error 2



Determining if the function setupterm exists in the terminfo failed with the following output:
Change Dir: /Users/darren/work/code/github/obfuscator/build/CMakeFiles/CMakeTmp

Run Build Command(s):/usr/local/bin/gmake cmTC_9108b/fast && /usr/local/bin/gmake  -f CMakeFiles/cmTC_9108b.dir/build.make CMakeFiles/cmTC_9108b.dir/build
gmake[1]: Entering directory '/Users/darren/work/code/github/obfuscator/build/CMakeFiles/CMakeTmp'
Building C object CMakeFiles/cmTC_9108b.dir/CheckFunctionExists.c.o
/Applications/Xcode.app/Contents/Developer/Toolchains/XcodeDefault.xctoolchain/usr/bin/cc   -DCHECK_FUNCTION_EXISTS=setupterm -isysroot /Applications/Xcode.app/Contents/Developer/Platforms/MacOSX.platform/Developer/SDKs/MacOSX11.1.sdk -mmacosx-version-min=10.15 -o CMakeFiles/cmTC_9108b.dir/CheckFunctionExists.c.o -c /usr/local/Cellar/cmake/3.19.4/share/cmake/Modules/CheckFunctionExists.c
Linking C executable cmTC_9108b
/usr/local/Cellar/cmake/3.19.4/bin/cmake -E cmake_link_script CMakeFiles/cmTC_9108b.dir/link.txt --verbose=1
/Applications/Xcode.app/Contents/Developer/Toolchains/XcodeDefault.xctoolchain/usr/bin/cc  -DCHECK_FUNCTION_EXISTS=setupterm -isysroot /Applications/Xcode.app/Contents/Developer/Platforms/MacOSX.platform/Developer/SDKs/MacOSX11.1.sdk -mmacosx-version-min=10.15 -Wl,-search_paths_first -Wl,-headerpad_max_install_names -L/usr/local/opt/openssl@1.1/lib  CMakeFiles/cmTC_9108b.dir/CheckFunctionExists.c.o -o cmTC_9108b  -lterminfo -lm 
ld: library not found for -lterminfo
clang: error: linker command failed with exit code 1 (use -v to see invocation)
gmake[1]: *** [CMakeFiles/cmTC_9108b.dir/build.make:106: cmTC_9108b] Error 1
gmake[1]: Leaving directory '/Users/darren/work/code/github/obfuscator/build/CMakeFiles/CMakeTmp'
gmake: *** [Makefile:140: cmTC_9108b/fast] Error 2



Determining if the posix_fallocate exist failed with the following output:
Change Dir: /Users/darren/work/code/github/obfuscator/build/CMakeFiles/CMakeTmp

Run Build Command(s):/usr/local/bin/gmake cmTC_ab0e7/fast && /usr/local/bin/gmake  -f CMakeFiles/cmTC_ab0e7.dir/build.make CMakeFiles/cmTC_ab0e7.dir/build
gmake[1]: Entering directory '/Users/darren/work/code/github/obfuscator/build/CMakeFiles/CMakeTmp'
Building C object CMakeFiles/cmTC_ab0e7.dir/CheckSymbolExists.c.o
/Applications/Xcode.app/Contents/Developer/Toolchains/XcodeDefault.xctoolchain/usr/bin/cc   -isysroot /Applications/Xcode.app/Contents/Developer/Platforms/MacOSX.platform/Developer/SDKs/MacOSX11.1.sdk -mmacosx-version-min=10.15 -o CMakeFiles/cmTC_ab0e7.dir/CheckSymbolExists.c.o -c /Users/darren/work/code/github/obfuscator/build/CMakeFiles/CMakeTmp/CheckSymbolExists.c
/Users/darren/work/code/github/obfuscator/build/CMakeFiles/CMakeTmp/CheckSymbolExists.c:8:19: error: use of undeclared identifier 'posix_fallocate'
  return ((int*)(&posix_fallocate))[argc];
                  ^
1 error generated.
gmake[1]: *** [CMakeFiles/cmTC_ab0e7.dir/build.make:85: CMakeFiles/cmTC_ab0e7.dir/CheckSymbolExists.c.o] Error 1
gmake[1]: Leaving directory '/Users/darren/work/code/github/obfuscator/build/CMakeFiles/CMakeTmp'
gmake: *** [Makefile:140: cmTC_ab0e7/fast] Error 2


File /Users/darren/work/code/github/obfuscator/build/CMakeFiles/CMakeTmp/CheckSymbolExists.c:
/* */
#include <fcntl.h>

int main(int argc, char** argv)
{
  (void)argv;
#ifndef posix_fallocate
  return ((int*)(&posix_fallocate))[argc];
#else
  (void)argc;
  return 0;
#endif
}
Determining if the lseek64 exist failed with the following output:
Change Dir: /Users/darren/work/code/github/obfuscator/build/CMakeFiles/CMakeTmp

Run Build Command(s):/usr/local/bin/gmake cmTC_f688a/fast && /usr/local/bin/gmake  -f CMakeFiles/cmTC_f688a.dir/build.make CMakeFiles/cmTC_f688a.dir/build
gmake[1]: Entering directory '/Users/darren/work/code/github/obfuscator/build/CMakeFiles/CMakeTmp'
Building C object CMakeFiles/cmTC_f688a.dir/CheckSymbolExists.c.o
/Applications/Xcode.app/Contents/Developer/Toolchains/XcodeDefault.xctoolchain/usr/bin/cc -D_LARGEFILE64_SOURCE  -isysroot /Applications/Xcode.app/Contents/Developer/Platforms/MacOSX.platform/Developer/SDKs/MacOSX11.1.sdk -mmacosx-version-min=10.15 -o CMakeFiles/cmTC_f688a.dir/CheckSymbolExists.c.o -c /Users/darren/work/code/github/obfuscator/build/CMakeFiles/CMakeTmp/CheckSymbolExists.c
/Users/darren/work/code/github/obfuscator/build/CMakeFiles/CMakeTmp/CheckSymbolExists.c:9:19: error: use of undeclared identifier 'lseek64'; did you mean 'lseek'?
  return ((int*)(&lseek64))[argc];
                  ^~~~~~~
                  lseek
/Applications/Xcode.app/Contents/Developer/Platforms/MacOSX.platform/Developer/SDKs/MacOSX11.1.sdk/usr/include/unistd.h:465:8: note: 'lseek' declared here
off_t    lseek(int, off_t, int);
         ^
1 error generated.
gmake[1]: *** [CMakeFiles/cmTC_f688a.dir/build.make:85: CMakeFiles/cmTC_f688a.dir/CheckSymbolExists.c.o] Error 1
gmake[1]: Leaving directory '/Users/darren/work/code/github/obfuscator/build/CMakeFiles/CMakeTmp'
gmake: *** [Makefile:140: cmTC_f688a/fast] Error 2


File /Users/darren/work/code/github/obfuscator/build/CMakeFiles/CMakeTmp/CheckSymbolExists.c:
/* */
#include <sys/types.h>
#include <unistd.h>

int main(int argc, char** argv)
{
  (void)argv;
#ifndef lseek64
  return ((int*)(&lseek64))[argc];
#else
  (void)argc;
  return 0;
#endif
}
Determining if the mallctl exist failed with the following output:
Change Dir: /Users/darren/work/code/github/obfuscator/build/CMakeFiles/CMakeTmp

Run Build Command(s):/usr/local/bin/gmake cmTC_a8d55/fast && /usr/local/bin/gmake  -f CMakeFiles/cmTC_a8d55.dir/build.make CMakeFiles/cmTC_a8d55.dir/build
gmake[1]: Entering directory '/Users/darren/work/code/github/obfuscator/build/CMakeFiles/CMakeTmp'
Building C object CMakeFiles/cmTC_a8d55.dir/CheckSymbolExists.c.o
/Applications/Xcode.app/Contents/Developer/Toolchains/XcodeDefault.xctoolchain/usr/bin/cc   -isysroot /Applications/Xcode.app/Contents/Developer/Platforms/MacOSX.platform/Developer/SDKs/MacOSX11.1.sdk -mmacosx-version-min=10.15 -o CMakeFiles/cmTC_a8d55.dir/CheckSymbolExists.c.o -c /Users/darren/work/code/github/obfuscator/build/CMakeFiles/CMakeTmp/CheckSymbolExists.c
/Users/darren/work/code/github/obfuscator/build/CMakeFiles/CMakeTmp/CheckSymbolExists.c:2:10: fatal error: 'malloc_np.h' file not found
#include <malloc_np.h>
         ^~~~~~~~~~~~~
1 error generated.
gmake[1]: *** [CMakeFiles/cmTC_a8d55.dir/build.make:85: CMakeFiles/cmTC_a8d55.dir/CheckSymbolExists.c.o] Error 1
gmake[1]: Leaving directory '/Users/darren/work/code/github/obfuscator/build/CMakeFiles/CMakeTmp'
gmake: *** [Makefile:140: cmTC_a8d55/fast] Error 2


File /Users/darren/work/code/github/obfuscator/build/CMakeFiles/CMakeTmp/CheckSymbolExists.c:
/* */
#include <malloc_np.h>

int main(int argc, char** argv)
{
  (void)argv;
#ifndef mallctl
  return ((int*)(&mallctl))[argc];
#else
  (void)argc;
  return 0;
#endif
}
Determining if the mallinfo exist failed with the following output:
Change Dir: /Users/darren/work/code/github/obfuscator/build/CMakeFiles/CMakeTmp

Run Build Command(s):/usr/local/bin/gmake cmTC_734fb/fast && /usr/local/bin/gmake  -f CMakeFiles/cmTC_734fb.dir/build.make CMakeFiles/cmTC_734fb.dir/build
gmake[1]: Entering directory '/Users/darren/work/code/github/obfuscator/build/CMakeFiles/CMakeTmp'
Building C object CMakeFiles/cmTC_734fb.dir/CheckSymbolExists.c.o
/Applications/Xcode.app/Contents/Developer/Toolchains/XcodeDefault.xctoolchain/usr/bin/cc   -isysroot /Applications/Xcode.app/Contents/Developer/Platforms/MacOSX.platform/Developer/SDKs/MacOSX11.1.sdk -mmacosx-version-min=10.15 -o CMakeFiles/cmTC_734fb.dir/CheckSymbolExists.c.o -c /Users/darren/work/code/github/obfuscator/build/CMakeFiles/CMakeTmp/CheckSymbolExists.c
/Users/darren/work/code/github/obfuscator/build/CMakeFiles/CMakeTmp/CheckSymbolExists.c:2:10: fatal error: 'malloc.h' file not found
#include <malloc.h>
         ^~~~~~~~~~
1 error generated.
gmake[1]: *** [CMakeFiles/cmTC_734fb.dir/build.make:85: CMakeFiles/cmTC_734fb.dir/CheckSymbolExists.c.o] Error 1
gmake[1]: Leaving directory '/Users/darren/work/code/github/obfuscator/build/CMakeFiles/CMakeTmp'
gmake: *** [Makefile:140: cmTC_734fb/fast] Error 2


File /Users/darren/work/code/github/obfuscator/build/CMakeFiles/CMakeTmp/CheckSymbolExists.c:
/* */
#include <malloc.h>

int main(int argc, char** argv)
{
  (void)argv;
#ifndef mallinfo
  return ((int*)(&mallinfo))[argc];
#else
  (void)argc;
  return 0;
#endif
}
Determining if the strerror_s exist failed with the following output:
Change Dir: /Users/darren/work/code/github/obfuscator/build/CMakeFiles/CMakeTmp

Run Build Command(s):/usr/local/bin/gmake cmTC_787e7/fast && /usr/local/bin/gmake  -f CMakeFiles/cmTC_787e7.dir/build.make CMakeFiles/cmTC_787e7.dir/build
gmake[1]: Entering directory '/Users/darren/work/code/github/obfuscator/build/CMakeFiles/CMakeTmp'
Building C object CMakeFiles/cmTC_787e7.dir/CheckSymbolExists.c.o
/Applications/Xcode.app/Contents/Developer/Toolchains/XcodeDefault.xctoolchain/usr/bin/cc   -isysroot /Applications/Xcode.app/Contents/Developer/Platforms/MacOSX.platform/Developer/SDKs/MacOSX11.1.sdk -mmacosx-version-min=10.15 -o CMakeFiles/cmTC_787e7.dir/CheckSymbolExists.c.o -c /Users/darren/work/code/github/obfuscator/build/CMakeFiles/CMakeTmp/CheckSymbolExists.c
/Users/darren/work/code/github/obfuscator/build/CMakeFiles/CMakeTmp/CheckSymbolExists.c:8:19: error: use of undeclared identifier 'strerror_s'; did you mean 'strerror_r'?
  return ((int*)(&strerror_s))[argc];
                  ^~~~~~~~~~
                  strerror_r
/Applications/Xcode.app/Contents/Developer/Platforms/MacOSX.platform/Developer/SDKs/MacOSX11.1.sdk/usr/include/string.h:116:6: note: 'strerror_r' declared here
int      strerror_r(int __errnum, char *__strerrbuf, size_t __buflen);
         ^
1 error generated.
gmake[1]: *** [CMakeFiles/cmTC_787e7.dir/build.make:85: CMakeFiles/cmTC_787e7.dir/CheckSymbolExists.c.o] Error 1
gmake[1]: Leaving directory '/Users/darren/work/code/github/obfuscator/build/CMakeFiles/CMakeTmp'
gmake: *** [Makefile:140: cmTC_787e7/fast] Error 2


File /Users/darren/work/code/github/obfuscator/build/CMakeFiles/CMakeTmp/CheckSymbolExists.c:
/* */
#include <string.h>

int main(int argc, char** argv)
{
  (void)argv;
#ifndef strerror_s
  return ((int*)(&strerror_s))[argc];
#else
  (void)argc;
  return 0;
#endif
}
Determining if the __GLIBC__ exist failed with the following output:
Change Dir: /Users/darren/work/code/github/obfuscator/build/CMakeFiles/CMakeTmp

Run Build Command(s):/usr/local/bin/gmake cmTC_2176e/fast && /usr/local/bin/gmake  -f CMakeFiles/cmTC_2176e.dir/build.make CMakeFiles/cmTC_2176e.dir/build
gmake[1]: Entering directory '/Users/darren/work/code/github/obfuscator/build/CMakeFiles/CMakeTmp'
Building C object CMakeFiles/cmTC_2176e.dir/CheckSymbolExists.c.o
/Applications/Xcode.app/Contents/Developer/Toolchains/XcodeDefault.xctoolchain/usr/bin/cc   -isysroot /Applications/Xcode.app/Contents/Developer/Platforms/MacOSX.platform/Developer/SDKs/MacOSX11.1.sdk -mmacosx-version-min=10.15 -o CMakeFiles/cmTC_2176e.dir/CheckSymbolExists.c.o -c /Users/darren/work/code/github/obfuscator/build/CMakeFiles/CMakeTmp/CheckSymbolExists.c
/Users/darren/work/code/github/obfuscator/build/CMakeFiles/CMakeTmp/CheckSymbolExists.c:8:19: error: use of undeclared identifier '__GLIBC__'
  return ((int*)(&__GLIBC__))[argc];
                  ^
1 error generated.
gmake[1]: *** [CMakeFiles/cmTC_2176e.dir/build.make:85: CMakeFiles/cmTC_2176e.dir/CheckSymbolExists.c.o] Error 1
gmake[1]: Leaving directory '/Users/darren/work/code/github/obfuscator/build/CMakeFiles/CMakeTmp'
gmake: *** [Makefile:140: cmTC_2176e/fast] Error 2


File /Users/darren/work/code/github/obfuscator/build/CMakeFiles/CMakeTmp/CheckSymbolExists.c:
/* */
#include <stdio.h>

int main(int argc, char** argv)
{
  (void)argv;
#ifndef __GLIBC__
  return ((int*)(&__GLIBC__))[argc];
#else
  (void)argc;
  return 0;
#endif
}
